Release 14.7 - xst P.20131013 (nt64)
Copyright (c) 1995-2013 Xilinx, Inc.  All rights reserved.
--> Parameter TMPDIR set to xst/projnav.tmp


Total REAL time to Xst completion: 0.00 secs
Total CPU time to Xst completion: 0.08 secs
 
--> Parameter xsthdpdir set to xst


Total REAL time to Xst completion: 0.00 secs
Total CPU time to Xst completion: 0.08 secs
 
--> Reading design: ASCIItoGlyphWord.prj

TABLE OF CONTENTS
  1) Synthesis Options Summary
  2) HDL Parsing
  3) HDL Elaboration
  4) HDL Synthesis
       4.1) HDL Synthesis Report
  5) Advanced HDL Synthesis
       5.1) Advanced HDL Synthesis Report
  6) Low Level Synthesis
  7) Partition Report
  8) Design Summary
       8.1) Primitive and Black Box Usage
       8.2) Device utilization summary
       8.3) Partition Resource Summary
       8.4) Timing Report
            8.4.1) Clock Information
            8.4.2) Asynchronous Control Signals Information
            8.4.3) Timing Summary
            8.4.4) Timing Details
            8.4.5) Cross Clock Domains Report


=========================================================================
*                      Synthesis Options Summary                        *
=========================================================================
---- Source Parameters
Input File Name                    : "ASCIItoGlyphWord.prj"
Ignore Synthesis Constraint File   : NO

---- Target Parameters
Output File Name                   : "ASCIItoGlyphWord"
Output Format                      : NGC
Target Device                      : xc6slx16-3-csg324

---- Source Options
Top Module Name                    : ASCIItoGlyphWord
Automatic FSM Extraction           : YES
FSM Encoding Algorithm             : Auto
Safe Implementation                : No
FSM Style                          : LUT
RAM Extraction                     : Yes
RAM Style                          : Auto
ROM Extraction                     : Yes
Shift Register Extraction          : YES
ROM Style                          : Auto
Resource Sharing                   : YES
Asynchronous To Synchronous        : NO
Shift Register Minimum Size        : 2
Use DSP Block                      : Auto
Automatic Register Balancing       : No

---- Target Options
LUT Combining                      : Auto
Reduce Control Sets                : Auto
Add IO Buffers                     : YES
Global Maximum Fanout              : 100000
Add Generic Clock Buffer(BUFG)     : 16
Register Duplication               : YES
Optimize Instantiated Primitives   : NO
Use Clock Enable                   : Auto
Use Synchronous Set                : Auto
Use Synchronous Reset              : Auto
Pack IO Registers into IOBs        : Auto
Equivalent register Removal        : YES

---- General Options
Optimization Goal                  : Speed
Optimization Effort                : 1
Power Reduction                    : NO
Keep Hierarchy                     : No
Netlist Hierarchy                  : As_Optimized
RTL Output                         : Yes
Global Optimization                : AllClockNets
Read Cores                         : YES
Write Timing Constraints           : NO
Cross Clock Analysis               : NO
Hierarchy Separator                : /
Bus Delimiter                      : <>
Case Specifier                     : Maintain
Slice Utilization Ratio            : 100
BRAM Utilization Ratio             : 100
DSP48 Utilization Ratio            : 100
Auto BRAM Packing                  : NO
Slice Utilization Ratio Delta      : 5

---- Other Options
Cores Search Directories           : {"ipcore_dir"  }

=========================================================================


=========================================================================
*                          HDL Parsing                                  *
=========================================================================
Analyzing Verilog file "C:\Users\imana\Documents\SCHOOL\ECE3710\Assignment4_TextDisplay\ipcore_dir\GlyphTable.v" into library work
Parsing module <GlyphTable>.
Analyzing Verilog file "C:\Users\imana\Documents\SCHOOL\ECE3710\Assignment4_TextDisplay\GlyphPixelExtractor.v" into library work
Parsing module <ASCIItoGlyphAddress>.
Analyzing Verilog file "C:\Users\imana\Documents\SCHOOL\ECE3710\Assignment4_TextDisplay\ASCIItoGlyphWord.v" into library work
Parsing module <ASCIItoGlyphWord>.

=========================================================================
*                            HDL Elaboration                            *
=========================================================================

Elaborating module <ASCIItoGlyphWord>.

Elaborating module <ASCIItoGlyphAddress>.

Elaborating module <GlyphTable>.
WARNING:HDLCompiler:1499 - "C:\Users\imana\Documents\SCHOOL\ECE3710\Assignment4_TextDisplay\ipcore_dir\GlyphTable.v" Line 39: Empty module <GlyphTable> remains a black box.

=========================================================================
*                           HDL Synthesis                               *
=========================================================================

Synthesizing Unit <ASCIItoGlyphWord>.
    Related source file is "C:\Users\imana\Documents\SCHOOL\ECE3710\Assignment4_TextDisplay\ASCIItoGlyphWord.v".
    Summary:
	no macro.
Unit <ASCIItoGlyphWord> synthesized.

Synthesizing Unit <ASCIItoGlyphAddress>.
    Related source file is "C:\Users\imana\Documents\SCHOOL\ECE3710\Assignment4_TextDisplay\GlyphPixelExtractor.v".
WARNING:Xst:647 - Input <PixelCount> is never used. This port will be preserved and left unconnected if it belongs to a top-level block or it belongs to a sub-block and the hierarchy of this sub-block is preserved.
WARNING:Xst:647 - Input <LineCount<0:0>> is never used. This port will be preserved and left unconnected if it belongs to a top-level block or it belongs to a sub-block and the hierarchy of this sub-block is preserved.
    Found 11-bit adder for signal <n0011[10:0]> created at line 28.
    Summary:
	inferred   1 Adder/Subtractor(s).
Unit <ASCIItoGlyphAddress> synthesized.

=========================================================================
HDL Synthesis Report

Macro Statistics
# Adders/Subtractors                                   : 1
 11-bit adder                                          : 1

=========================================================================

=========================================================================
*                       Advanced HDL Synthesis                          *
=========================================================================

Reading core <ipcore_dir/GlyphTable.ngc>.
Loading core <GlyphTable> for timing and area information for instance <_GlyphTable>.

=========================================================================
Advanced HDL Synthesis Report

Macro Statistics
# Adders/Subtractors                                   : 1
 11-bit adder                                          : 1

=========================================================================

=========================================================================
*                         Low Level Synthesis                           *
=========================================================================

Optimizing unit <ASCIItoGlyphWord> ...

Mapping all equations...
Building and optimizing final netlist ...
Found area constraint ratio of 100 (+ 5) on block ASCIItoGlyphWord, actual ratio is 0.

Final Macro Processing ...

=========================================================================
Final Register Report

Found no macro
=========================================================================

=========================================================================
*                           Partition Report                            *
=========================================================================

Partition Implementation Status
-------------------------------

  No Partitions were found in this design.

-------------------------------

=========================================================================
*                            Design Summary                             *
=========================================================================

Top Level Output File Name         : ASCIItoGlyphWord.ngc

Primitive and Black Box Usage:
------------------------------
# BELS                             : 115
#      GND                         : 2
#      LUT3                        : 16
#      LUT6                        : 64
#      MUXF7                       : 32
#      VCC                         : 1
# FlipFlops/Latches                : 6
#      FDE                         : 6
# RAMS                             : 8
#      RAMB16BWER                  : 8
# Clock Buffers                    : 1
#      BUFGP                       : 1
# IO Buffers                       : 42
#      IBUF                        : 10
#      OBUF                        : 32

Device utilization summary:
---------------------------

Selected Device : 6slx16csg324-3 


Slice Logic Utilization: 
 Number of Slice Registers:               6  out of  18224     0%  
 Number of Slice LUTs:                   80  out of   9112     0%  
    Number used as Logic:                80  out of   9112     0%  

Slice Logic Distribution: 
 Number of LUT Flip Flop pairs used:     86
   Number with an unused Flip Flop:      80  out of     86    93%  
   Number with an unused LUT:             6  out of     86     6%  
   Number of fully used LUT-FF pairs:     0  out of     86     0%  
   Number of unique control sets:         2

IO Utilization: 
 Number of IOs:                          47
 Number of bonded IOBs:                  43  out of    232    18%  

Specific Feature Utilization:
 Number of Block RAM/FIFO:                8  out of     32    25%  
    Number using Block RAM only:          8
 Number of BUFG/BUFGCTRLs:                1  out of     16     6%  

---------------------------
Partition Resource Summary:
---------------------------

  No Partitions were found in this design.

---------------------------


=========================================================================
Timing Report

NOTE: THESE TIMING NUMBERS ARE ONLY A SYNTHESIS ESTIMATE.
      FOR ACCURATE TIMING INFORMATION PLEASE REFER TO THE TRACE REPORT
      GENERATED AFTER PLACE-and-ROUTE.

Clock Information:
------------------
-----------------------------------+------------------------+-------+
Clock Signal                       | Clock buffer(FF name)  | Load  |
-----------------------------------+------------------------+-------+
clk                                | BUFGP                  | 14    |
-----------------------------------+------------------------+-------+

Asynchronous Control Signals Information:
----------------------------------------
No asynchronous control signals found in this design

Timing Summary:
---------------
Speed Grade: -3

   Minimum period: No path found
   Minimum input arrival time before clock: 2.374ns
   Maximum output required time after clock: 6.170ns
   Maximum combinational path delay: No path found

Timing Details:
---------------
All values displayed in nanoseconds (ns)

=========================================================================
Timing constraint: Default OFFSET IN BEFORE for Clock 'clk'
  Total number of paths / destination ports: 80 / 80
-------------------------------------------------------------------------
Offset:              2.374ns (Levels of Logic = 2)
  Source:            ASCII<7> (PAD)
  Destination:       _GlyphTable/U0/xst_blk_mem_generator/gnativebmg.native_blk_mem_gen/valid.cstr/ramloop[7].ram.r/s6_init.ram/TRUE_DP.PRIM18.ram (RAM)
  Destination Clock: clk rising

  Data Path: ASCII<7> to _GlyphTable/U0/xst_blk_mem_generator/gnativebmg.native_blk_mem_gen/valid.cstr/ramloop[7].ram.r/s6_init.ram/TRUE_DP.PRIM18.ram
                                Gate     Net
    Cell:in->out      fanout   Delay   Delay  Logical Name (Net Name)
    ----------------------------------------  ------------
     IBUF:I->O             8   1.222   0.802  ASCII_7_IBUF (ASCII_7_IBUF)
     begin scope: '_GlyphTable:addra<9>'
     RAMB16BWER:ADDRA13        0.350          U0/xst_blk_mem_generator/gnativebmg.native_blk_mem_gen/valid.cstr/ramloop[7].ram.r/s6_init.ram/TRUE_DP.PRIM18.ram
    ----------------------------------------
    Total                      2.374ns (1.572ns logic, 0.802ns route)
                                       (66.2% logic, 33.8% route)

=========================================================================
Timing constraint: Default OFFSET OUT AFTER for Clock 'clk'
  Total number of paths / destination ports: 416 / 32
-------------------------------------------------------------------------
Offset:              6.170ns (Levels of Logic = 4)
  Source:            _GlyphTable/U0/xst_blk_mem_generator/gnativebmg.native_blk_mem_gen/valid.cstr/ramloop[6].ram.r/s6_init.ram/TRUE_DP.PRIM18.ram (RAM)
  Destination:       GlyphWord<15> (PAD)
  Source Clock:      clk rising

  Data Path: _GlyphTable/U0/xst_blk_mem_generator/gnativebmg.native_blk_mem_gen/valid.cstr/ramloop[6].ram.r/s6_init.ram/TRUE_DP.PRIM18.ram to GlyphWord<15>
                                Gate     Net
    Cell:in->out      fanout   Delay   Delay  Logical Name (Net Name)
    ----------------------------------------  ------------
     RAMB16BWER:CLKA->DOA15    1   1.850   0.827  U0/xst_blk_mem_generator/gnativebmg.native_blk_mem_gen/valid.cstr/ramloop[6].ram.r/s6_init.ram/TRUE_DP.PRIM18.ram (U0/xst_blk_mem_generator/gnativebmg.native_blk_mem_gen/valid.cstr/ramloop[6].ram.ram_douta<15>)
     LUT6:I2->O            1   0.203   0.000  U0/xst_blk_mem_generator/gnativebmg.native_blk_mem_gen/valid.cstr/has_mux_a.A/Mmux_dout_mux_36 (U0/xst_blk_mem_generator/gnativebmg.native_blk_mem_gen/valid.cstr/has_mux_a.A/Mmux_dout_mux_36)
     MUXF7:I1->O           1   0.140   0.579  U0/xst_blk_mem_generator/gnativebmg.native_blk_mem_gen/valid.cstr/has_mux_a.A/Mmux_dout_mux_2_f7_5 (douta<15>)
     end scope: '_GlyphTable:douta<15>'
     OBUF:I->O                 2.571          GlyphWord_15_OBUF (GlyphWord<15>)
    ----------------------------------------
    Total                      6.170ns (4.764ns logic, 1.406ns route)
                                       (77.2% logic, 22.8% route)

=========================================================================

Cross Clock Domains Report:
--------------------------

=========================================================================


Total REAL time to Xst completion: 5.00 secs
Total CPU time to Xst completion: 5.80 secs
 
--> 

Total memory usage is 281824 kilobytes

Number of errors   :    0 (   0 filtered)
Number of warnings :    3 (   0 filtered)
Number of infos    :    0 (   0 filtered)

