Running: C:\Xilinx\14.7\ISE_DS\ISE\bin\nt64\unwrapped\fuse.exe -intstyle ise -incremental -lib unisims_ver -lib unimacro_ver -lib xilinxcorelib_ver -lib secureip -o C:/Users/Kara/Documents/GitHub/Assignment4_TextDisplay/colorEcodeTest_isim_beh.exe -prj C:/Users/Kara/Documents/GitHub/Assignment4_TextDisplay/colorEcodeTest_beh.prj work.colorEcodeTest work.glbl 
ISim P.20131013 (signature 0x7708f090)
Number of CPUs detected in this system: 4
Turning on mult-threading, number of parallel sub-compilation jobs: 8 
Determining compilation order of HDL files
Analyzing Verilog file "C:/Users/Kara/Documents/GitHub/Assignment4_TextDisplay/EncCounter.v" into library work
Analyzing Verilog file "C:/Users/Kara/Documents/GitHub/Assignment4_TextDisplay/colorEcodeTest.v" into library work
Analyzing Verilog file "C:/Xilinx/14.7/ISE_DS/ISE//verilog/src/glbl.v" into library work
Starting static elaboration
WARNING:HDLCompiler:189 - "C:/Users/Kara/Documents/GitHub/Assignment4_TextDisplay/colorEcodeTest.v" Line 38: Size mismatch in connection of port <pixel>. Formal port size is 8-bit while actual signal size is 16-bit.
Completed static elaboration
Compiling module EncCounter
Compiling module colorEcodeTest
Compiling module glbl
Time Resolution for simulation is 1ps.
Waiting for 1 sub-compilation(s) to finish...
Compiled 3 Verilog Units
Built simulation executable C:/Users/Kara/Documents/GitHub/Assignment4_TextDisplay/colorEcodeTest_isim_beh.exe
Fuse Memory Usage: 27312 KB
Fuse CPU Usage: 405 ms
