--------------------------------------------------------------------------------
Release 14.7 Trace  (nt64)
Copyright (c) 1995-2013 Xilinx, Inc.  All rights reserved.

C:\Xilinx\14.7\ISE_DS\ISE\bin\nt64\unwrapped\trce.exe -intstyle ise -v 3 -s 3
-n 3 -fastpaths -xml Top.twx Top.ncd -o Top.twr Top.pcf -ucf Top.ucf

Design file:              Top.ncd
Physical constraint file: Top.pcf
Device,package,speed:     xc6slx16,csg324,C,-3 (PRODUCTION 1.23 2013-10-13)
Report level:             verbose report

Environment Variable      Effect 
--------------------      ------ 
NONE                      No environment variables were set
--------------------------------------------------------------------------------

INFO:Timing:2698 - No timing constraints found, doing default enumeration.
INFO:Timing:3412 - To improve timing, see the Timing Closure User Guide (UG612).
INFO:Timing:2752 - To get complete path coverage, use the unconstrained paths 
   option. All paths that are not constrained will be reported in the 
   unconstrained paths section(s) of the report.
INFO:Timing:3339 - The clock-to-out numbers in this timing report are based on 
   a 50 Ohm transmission line loading model.  For the details of this model, 
   and for more information on accounting for different loading conditions, 
   please see the device datasheet.



Data Sheet report:
-----------------
All values displayed in nanoseconds (ns)

Setup/Hold to clock extClk
------------+------------+------------+------------+------------+------------------+--------+
            |Max Setup to|  Process   |Max Hold to |  Process   |                  | Clock  |
Source      | clk (edge) |   Corner   | clk (edge) |   Corner   |Internal Clock(s) | Phase  |
------------+------------+------------+------------+------------+------------------+--------+
rst         |    4.396(R)|      SLOW  |   -1.829(R)|      FAST  |clk               |   0.000|
------------+------------+------------+------------+------------+------------------+--------+

Clock extClk to Pad
------------+-----------------+------------+-----------------+------------+------------------+--------+
            |Max (slowest) clk|  Process   |Min (fastest) clk|  Process   |                  | Clock  |
Destination |  (edge) to PAD  |   Corner   |  (edge) to PAD  |   Corner   |Internal Clock(s) | Phase  |
------------+-----------------+------------+-----------------+------------+------------------+--------+
ColorOut<0> |         8.809(R)|      SLOW  |         4.756(R)|      FAST  |clk               |   0.000|
ColorOut<1> |         9.234(R)|      SLOW  |         4.992(R)|      FAST  |clk               |   0.000|
ColorOut<2> |         8.911(R)|      SLOW  |         4.829(R)|      FAST  |clk               |   0.000|
ColorOut<3> |         8.767(R)|      SLOW  |         4.744(R)|      FAST  |clk               |   0.000|
ColorOut<4> |         8.662(R)|      SLOW  |         4.649(R)|      FAST  |clk               |   0.000|
ColorOut<5> |         8.944(R)|      SLOW  |         4.801(R)|      FAST  |clk               |   0.000|
ColorOut<6> |         8.552(R)|      SLOW  |         4.606(R)|      FAST  |clk               |   0.000|
ColorOut<7> |         8.717(R)|      SLOW  |         4.705(R)|      FAST  |clk               |   0.000|
Hsync       |         8.959(R)|      SLOW  |         4.844(R)|      FAST  |clk               |   0.000|
Vsync       |         8.531(R)|      SLOW  |         4.600(R)|      FAST  |clk               |   0.000|
------------+-----------------+------------+-----------------+------------+------------------+--------+

Clock to Setup on destination clock extClk
---------------+---------+---------+---------+---------+
               | Src:Rise| Src:Fall| Src:Rise| Src:Fall|
Source Clock   |Dest:Rise|Dest:Rise|Dest:Fall|Dest:Fall|
---------------+---------+---------+---------+---------+
extClk         |    8.263|         |         |         |
---------------+---------+---------+---------+---------+


Analysis completed Mon Oct 17 21:54:26 2016 
--------------------------------------------------------------------------------

Trace Settings:
-------------------------
Trace Settings 

Peak Memory Usage: 248 MB



