Release 14.7 - xst P.20131013 (nt64)
Copyright (c) 1995-2013 Xilinx, Inc.  All rights reserved.
--> Parameter TMPDIR set to xst/projnav.tmp


Total REAL time to Xst completion: 0.00 secs
Total CPU time to Xst completion: 0.09 secs
 
--> Parameter xsthdpdir set to xst


Total REAL time to Xst completion: 0.00 secs
Total CPU time to Xst completion: 0.09 secs
 
--> Reading design: Top.prj

TABLE OF CONTENTS
  1) Synthesis Options Summary
  2) HDL Parsing
  3) HDL Elaboration
  4) HDL Synthesis
       4.1) HDL Synthesis Report
  5) Advanced HDL Synthesis
       5.1) Advanced HDL Synthesis Report
  6) Low Level Synthesis
  7) Partition Report
  8) Design Summary
       8.1) Primitive and Black Box Usage
       8.2) Device utilization summary
       8.3) Partition Resource Summary
       8.4) Timing Report
            8.4.1) Clock Information
            8.4.2) Asynchronous Control Signals Information
            8.4.3) Timing Summary
            8.4.4) Timing Details
            8.4.5) Cross Clock Domains Report


=========================================================================
*                      Synthesis Options Summary                        *
=========================================================================
---- Source Parameters
Input File Name                    : "Top.prj"
Ignore Synthesis Constraint File   : NO

---- Target Parameters
Output File Name                   : "Top"
Output Format                      : NGC
Target Device                      : xc6slx16-3-csg324

---- Source Options
Top Module Name                    : Top
Automatic FSM Extraction           : YES
FSM Encoding Algorithm             : Auto
Safe Implementation                : No
FSM Style                          : LUT
RAM Extraction                     : Yes
RAM Style                          : Auto
ROM Extraction                     : Yes
Shift Register Extraction          : YES
ROM Style                          : Auto
Resource Sharing                   : YES
Asynchronous To Synchronous        : NO
Shift Register Minimum Size        : 2
Use DSP Block                      : Auto
Automatic Register Balancing       : No

---- Target Options
LUT Combining                      : Auto
Reduce Control Sets                : Auto
Add IO Buffers                     : YES
Global Maximum Fanout              : 100000
Add Generic Clock Buffer(BUFG)     : 16
Register Duplication               : YES
Optimize Instantiated Primitives   : NO
Use Clock Enable                   : Auto
Use Synchronous Set                : Auto
Use Synchronous Reset              : Auto
Pack IO Registers into IOBs        : Auto
Equivalent register Removal        : YES

---- General Options
Optimization Goal                  : Speed
Optimization Effort                : 1
Power Reduction                    : NO
Keep Hierarchy                     : No
Netlist Hierarchy                  : As_Optimized
RTL Output                         : Yes
Global Optimization                : AllClockNets
Read Cores                         : YES
Write Timing Constraints           : NO
Cross Clock Analysis               : NO
Hierarchy Separator                : /
Bus Delimiter                      : <>
Case Specifier                     : Maintain
Slice Utilization Ratio            : 100
BRAM Utilization Ratio             : 100
DSP48 Utilization Ratio            : 100
Auto BRAM Packing                  : NO
Slice Utilization Ratio Delta      : 5

---- Other Options
Cores Search Directories           : {"ipcore_dir"  }

=========================================================================


=========================================================================
*                          HDL Parsing                                  *
=========================================================================
Analyzing Verilog file "C:\Users\imana\Documents\SCHOOL\ECE3710\VGA_w_Dispatch2\VGA_SignalGen.v" into library work
Parsing module <VGA_SignalGen>.
Analyzing Verilog file "C:\Users\imana\Documents\SCHOOL\ECE3710\VGA_w_Dispatch2\VGA_Dispatch.v" into library work
Parsing module <VGA_Dispatch>.
Analyzing Verilog file "C:\Users\imana\Documents\SCHOOL\ECE3710\VGA_w_Dispatch2\ipcore_dir\ram.v" into library work
Parsing module <ram>.
Analyzing Verilog file "C:\Users\imana\Documents\SCHOOL\ECE3710\VGA_w_Dispatch2\VGA_Controller.v" into library work
Parsing module <VGA_Controller>.
Analyzing Verilog file "C:\Users\imana\Documents\SCHOOL\ECE3710\VGA_w_Dispatch2\DispatchAndRam.v" into library work
Parsing module <DispatchAndRam>.
Analyzing Verilog file "C:\Users\imana\Documents\SCHOOL\ECE3710\VGA_w_Dispatch2\Top.v" into library work
Parsing module <Top>.

=========================================================================
*                            HDL Elaboration                            *
=========================================================================

Elaborating module <Top>.

Elaborating module <IBUFG>.

Elaborating module <BUFG>.

Elaborating module <VGA_Controller>.

Elaborating module <VGA_SignalGen>.

Elaborating module <DispatchAndRam>.

Elaborating module <VGA_Dispatch>.

Elaborating module <ram>.
WARNING:HDLCompiler:1499 - "C:\Users\imana\Documents\SCHOOL\ECE3710\VGA_w_Dispatch2\ipcore_dir\ram.v" Line 39: Empty module <ram> remains a black box.
WARNING:HDLCompiler:189 - "C:\Users\imana\Documents\SCHOOL\ECE3710\VGA_w_Dispatch2\DispatchAndRam.v" Line 49: Size mismatch in connection of port <addra>. Formal port size is 15-bit while actual signal size is 14-bit.
WARNING:HDLCompiler:189 - "C:\Users\imana\Documents\SCHOOL\ECE3710\VGA_w_Dispatch2\DispatchAndRam.v" Line 54: Size mismatch in connection of port <addrb>. Formal port size is 15-bit while actual signal size is 14-bit.
WARNING:HDLCompiler:1127 - "C:\Users\imana\Documents\SCHOOL\ECE3710\VGA_w_Dispatch2\DispatchAndRam.v" Line 56: Assignment to db ignored, since the identifier is never used

=========================================================================
*                           HDL Synthesis                               *
=========================================================================

Synthesizing Unit <Top>.
    Related source file is "C:\Users\imana\Documents\SCHOOL\ECE3710\VGA_w_Dispatch2\Top.v".
    Summary:
	no macro.
Unit <Top> synthesized.

Synthesizing Unit <VGA_Controller>.
    Related source file is "C:\Users\imana\Documents\SCHOOL\ECE3710\VGA_w_Dispatch2\VGA_Controller.v".
WARNING:Xst:647 - Input <ASCIIColChar> is never used. This port will be preserved and left unconnected if it belongs to a top-level block or it belongs to a sub-block and the hierarchy of this sub-block is preserved.
    Found 14-bit adder for signal <n0018[13:0]> created at line 48.
    Found 1-bit 8-to-1 multiplexer for signal <PixelOnOff> created at line 55.
    Summary:
	inferred   1 Adder/Subtractor(s).
	inferred   9 Multiplexer(s).
Unit <VGA_Controller> synthesized.

Synthesizing Unit <VGA_SignalGen>.
    Related source file is "C:\Users\imana\Documents\SCHOOL\ECE3710\VGA_w_Dispatch2\VGA_SignalGen.v".
        HorzPixelCount = 800
        HorzPixNBITS = 10
        VertPixelCount = 525
        VertPixNBITS = 10
        subPixelCountNBITS = 2
        subPixFreqDivision = 4
        HorzBackPorch = 48
        HorzFrontPorch = 16
        HorzActiveReg = 640
        VertBackPorch = 33
        VertFrontPorch = 10
        VertActiveReg = 480
        HSyncReg = 96
        VSyncReg = 2
    Found 10-bit register for signal <PixelCount>.
    Found 10-bit register for signal <LineCount>.
    Found 1-bit register for signal <Vsync>.
    Found 1-bit register for signal <Hsync>.
    Found 8-bit register for signal <ColorOut>.
    Found 2-bit register for signal <subPixelCount>.
    Found 2-bit adder for signal <subPixelCount[1]_GND_5_o_add_2_OUT> created at line 68.
    Found 10-bit adder for signal <PixelCount[9]_GND_5_o_add_6_OUT> created at line 76.
    Found 10-bit adder for signal <LineCount[9]_GND_5_o_add_10_OUT> created at line 86.
    Found 10-bit comparator lessequal for signal <n0010> created at line 89
    Found 10-bit comparator greater for signal <LineCount[9]_GND_5_o_LessThan_14_o> created at line 89
    Found 10-bit comparator lessequal for signal <n0017> created at line 91
    Found 10-bit comparator greater for signal <PixelCount[9]_PWR_5_o_LessThan_17_o> created at line 91
    Found 10-bit comparator greater for signal <PixelCount[9]_PWR_5_o_LessThan_19_o> created at line 92
    Found 10-bit comparator greater for signal <LineCount[9]_GND_5_o_LessThan_21_o> created at line 92
    Summary:
	inferred   3 Adder/Subtractor(s).
	inferred  32 D-type flip-flop(s).
	inferred   6 Comparator(s).
Unit <VGA_SignalGen> synthesized.

Synthesizing Unit <DispatchAndRam>.
    Related source file is "C:\Users\imana\Documents\SCHOOL\ECE3710\VGA_w_Dispatch2\DispatchAndRam.v".
INFO:Xst:3210 - "C:\Users\imana\Documents\SCHOOL\ECE3710\VGA_w_Dispatch2\DispatchAndRam.v" line 46: Output port <doutb> of the instance <R> is unconnected or connected to loadless signal.
    Summary:
	no macro.
Unit <DispatchAndRam> synthesized.

Synthesizing Unit <VGA_Dispatch>.
    Related source file is "C:\Users\imana\Documents\SCHOOL\ECE3710\VGA_w_Dispatch2\VGA_Dispatch.v".
WARNING:Xst:647 - Input <PixelCount> is never used. This port will be preserved and left unconnected if it belongs to a top-level block or it belongs to a sub-block and the hierarchy of this sub-block is preserved.
WARNING:Xst:647 - Input <LineCount<0:0>> is never used. This port will be preserved and left unconnected if it belongs to a top-level block or it belongs to a sub-block and the hierarchy of this sub-block is preserved.
WARNING:Xst:647 - Input <LineCount<9:3>> is never used. This port will be preserved and left unconnected if it belongs to a top-level block or it belongs to a sub-block and the hierarchy of this sub-block is preserved.
    Found 16-bit register for signal <ASCIIColChar>.
    Found 16-bit register for signal <AddressA>.
    Found 11-bit adder for signal <n0030[10:0]> created at line 36.
    Found 12-bit adder for signal <n0032[11:0]> created at line 36.
    Summary:
	inferred   2 Adder/Subtractor(s).
	inferred  32 D-type flip-flop(s).
	inferred   3 Multiplexer(s).
Unit <VGA_Dispatch> synthesized.

=========================================================================
HDL Synthesis Report

Macro Statistics
# Adders/Subtractors                                   : 6
 10-bit adder                                          : 2
 11-bit adder                                          : 1
 12-bit adder                                          : 1
 14-bit adder                                          : 1
 2-bit adder                                           : 1
# Registers                                            : 8
 1-bit register                                        : 2
 10-bit register                                       : 2
 16-bit register                                       : 2
 2-bit register                                        : 1
 8-bit register                                        : 1
# Comparators                                          : 6
 10-bit comparator greater                             : 4
 10-bit comparator lessequal                           : 2
# Multiplexers                                         : 12
 1-bit 2-to-1 multiplexer                              : 8
 1-bit 8-to-1 multiplexer                              : 1
 16-bit 2-to-1 multiplexer                             : 3

=========================================================================

=========================================================================
*                       Advanced HDL Synthesis                          *
=========================================================================

Reading core <ipcore_dir/ram.ngc>.
Loading core <ram> for timing and area information for instance <R>.
WARNING:Xst:2677 - Node <ASCIIColChar_8> of sequential type is unconnected in block <Dispatch>.
WARNING:Xst:2677 - Node <ASCIIColChar_9> of sequential type is unconnected in block <Dispatch>.
WARNING:Xst:2677 - Node <ASCIIColChar_10> of sequential type is unconnected in block <Dispatch>.
WARNING:Xst:2677 - Node <ASCIIColChar_11> of sequential type is unconnected in block <Dispatch>.
WARNING:Xst:2677 - Node <ASCIIColChar_12> of sequential type is unconnected in block <Dispatch>.
WARNING:Xst:2677 - Node <ASCIIColChar_13> of sequential type is unconnected in block <Dispatch>.
WARNING:Xst:2677 - Node <ASCIIColChar_14> of sequential type is unconnected in block <Dispatch>.
WARNING:Xst:2677 - Node <ASCIIColChar_15> of sequential type is unconnected in block <Dispatch>.
WARNING:Xst:2677 - Node <AddressA_14> of sequential type is unconnected in block <Dispatch>.
WARNING:Xst:2677 - Node <AddressA_15> of sequential type is unconnected in block <Dispatch>.

Synthesizing (advanced) Unit <VGA_SignalGen>.
The following registers are absorbed into counter <subPixelCount>: 1 register on signal <subPixelCount>.
The following registers are absorbed into counter <PixelCount>: 1 register on signal <PixelCount>.
The following registers are absorbed into counter <LineCount>: 1 register on signal <LineCount>.
Unit <VGA_SignalGen> synthesized (advanced).

=========================================================================
Advanced HDL Synthesis Report

Macro Statistics
# Adders/Subtractors                                   : 3
 11-bit adder                                          : 1
 12-bit adder                                          : 1
 14-bit adder                                          : 1
# Counters                                             : 3
 10-bit up counter                                     : 2
 2-bit up counter                                      : 1
# Registers                                            : 42
 Flip-Flops                                            : 42
# Comparators                                          : 6
 10-bit comparator greater                             : 4
 10-bit comparator lessequal                           : 2
# Multiplexers                                         : 12
 1-bit 2-to-1 multiplexer                              : 8
 1-bit 8-to-1 multiplexer                              : 1
 16-bit 2-to-1 multiplexer                             : 3

=========================================================================

=========================================================================
*                         Low Level Synthesis                           *
=========================================================================
INFO:Xst:2261 - The FF/Latch <ColorOut_0> in Unit <VGA_SignalGen> is equivalent to the following 7 FFs/Latches, which will be removed : <ColorOut_1> <ColorOut_2> <ColorOut_3> <ColorOut_4> <ColorOut_5> <ColorOut_6> <ColorOut_7> 

Optimizing unit <Top> ...

Optimizing unit <VGA_Controller> ...

Optimizing unit <VGA_SignalGen> ...

Optimizing unit <VGA_Dispatch> ...
WARNING:Xst:2677 - Node <DAR/Dispatch/AddressA_15> of sequential type is unconnected in block <Top>.
WARNING:Xst:2677 - Node <DAR/Dispatch/AddressA_14> of sequential type is unconnected in block <Top>.
WARNING:Xst:2677 - Node <DAR/Dispatch/ASCIIColChar_15> of sequential type is unconnected in block <Top>.
WARNING:Xst:2677 - Node <DAR/Dispatch/ASCIIColChar_14> of sequential type is unconnected in block <Top>.
WARNING:Xst:2677 - Node <DAR/Dispatch/ASCIIColChar_13> of sequential type is unconnected in block <Top>.
WARNING:Xst:2677 - Node <DAR/Dispatch/ASCIIColChar_12> of sequential type is unconnected in block <Top>.
WARNING:Xst:2677 - Node <DAR/Dispatch/ASCIIColChar_11> of sequential type is unconnected in block <Top>.
WARNING:Xst:2677 - Node <DAR/Dispatch/ASCIIColChar_10> of sequential type is unconnected in block <Top>.
WARNING:Xst:2677 - Node <DAR/Dispatch/ASCIIColChar_9> of sequential type is unconnected in block <Top>.
WARNING:Xst:2677 - Node <DAR/Dispatch/ASCIIColChar_8> of sequential type is unconnected in block <Top>.

Mapping all equations...
Building and optimizing final netlist ...
Found area constraint ratio of 100 (+ 5) on block Top, actual ratio is 4.

Final Macro Processing ...

=========================================================================
Final Register Report

Macro Statistics
# Registers                                            : 47
 Flip-Flops                                            : 47

=========================================================================

=========================================================================
*                           Partition Report                            *
=========================================================================

Partition Implementation Status
-------------------------------

  No Partitions were found in this design.

-------------------------------

=========================================================================
*                            Design Summary                             *
=========================================================================

Top Level Output File Name         : Top.ngc

Primitive and Black Box Usage:
------------------------------
# BELS                             : 528
#      GND                         : 2
#      INV                         : 3
#      LUT1                        : 18
#      LUT2                        : 3
#      LUT3                        : 4
#      LUT4                        : 6
#      LUT5                        : 80
#      LUT6                        : 339
#      MUXCY                       : 18
#      MUXF7                       : 33
#      VCC                         : 2
#      XORCY                       : 20
# FlipFlops/Latches                : 57
#      FD                          : 14
#      FDE                         : 20
#      FDR                         : 2
#      FDRE                        : 21
# RAMS                             : 32
#      RAMB16BWER                  : 32
# Clock Buffers                    : 1
#      BUFG                        : 1
# IO Buffers                       : 12
#      IBUF                        : 1
#      IBUFG                       : 1
#      OBUF                        : 10

Device utilization summary:
---------------------------

Selected Device : 6slx16csg324-3 


Slice Logic Utilization: 
 Number of Slice Registers:              57  out of  18224     0%  
 Number of Slice LUTs:                  453  out of   9112     4%  
    Number used as Logic:               453  out of   9112     4%  

Slice Logic Distribution: 
 Number of LUT Flip Flop pairs used:    470
   Number with an unused Flip Flop:     413  out of    470    87%  
   Number with an unused LUT:            17  out of    470     3%  
   Number of fully used LUT-FF pairs:    40  out of    470     8%  
   Number of unique control sets:        10

IO Utilization: 
 Number of IOs:                          12
 Number of bonded IOBs:                  12  out of    232     5%  

Specific Feature Utilization:
 Number of Block RAM/FIFO:               32  out of     32   100%  
    Number using Block RAM only:         32
 Number of BUFG/BUFGCTRLs:                1  out of     16     6%  

---------------------------
Partition Resource Summary:
---------------------------

  No Partitions were found in this design.

---------------------------


=========================================================================
Timing Report

NOTE: THESE TIMING NUMBERS ARE ONLY A SYNTHESIS ESTIMATE.
      FOR ACCURATE TIMING INFORMATION PLEASE REFER TO THE TRACE REPORT
      GENERATED AFTER PLACE-and-ROUTE.

Clock Information:
------------------
-----------------------------------+------------------------+-------+
Clock Signal                       | Clock buffer(FF name)  | Load  |
-----------------------------------+------------------------+-------+
extClk                             | IBUFG+BUFG             | 89    |
-----------------------------------+------------------------+-------+

Asynchronous Control Signals Information:
----------------------------------------
No asynchronous control signals found in this design

Timing Summary:
---------------
Speed Grade: -3

   Minimum period: 6.420ns (Maximum Frequency: 155.772MHz)
   Minimum input arrival time before clock: 3.458ns
   Maximum output required time after clock: 3.820ns
   Maximum combinational path delay: No path found

Timing Details:
---------------
All values displayed in nanoseconds (ns)

=========================================================================
Timing constraint: Default period analysis for Clock 'extClk'
  Clock period: 6.420ns (frequency: 155.772MHz)
  Total number of paths / destination ports: 2826 / 457
-------------------------------------------------------------------------
Delay:               6.420ns (Levels of Logic = 7)
  Source:            DAR/R/U0/xst_blk_mem_generator/gnativebmg.native_blk_mem_gen/valid.cstr/has_mux_a.A/sel_pipe_2 (FF)
  Destination:       Cont/SignalGen/ColorOut_0 (FF)
  Source Clock:      extClk rising
  Destination Clock: extClk rising

  Data Path: DAR/R/U0/xst_blk_mem_generator/gnativebmg.native_blk_mem_gen/valid.cstr/has_mux_a.A/sel_pipe_2 to Cont/SignalGen/ColorOut_0
                                Gate     Net
    Cell:in->out      fanout   Delay   Delay  Logical Name (Net Name)
    ----------------------------------------  ------------
     FDE:C->Q            128   0.447   2.315  U0/xst_blk_mem_generator/gnativebmg.native_blk_mem_gen/valid.cstr/has_mux_a.A/sel_pipe_2 (U0/xst_blk_mem_generator/gnativebmg.native_blk_mem_gen/valid.cstr/has_mux_a.A/sel_pipe<2>)
     LUT6:I0->O            1   0.203   0.827  U0/xst_blk_mem_generator/gnativebmg.native_blk_mem_gen/valid.cstr/has_mux_a.A/Mmux_dout_mux_87 (U0/xst_blk_mem_generator/gnativebmg.native_blk_mem_gen/valid.cstr/has_mux_a.A/Mmux_dout_mux_87)
     LUT6:I2->O            1   0.203   0.000  U0/xst_blk_mem_generator/gnativebmg.native_blk_mem_gen/valid.cstr/has_mux_a.A/Mmux_dout_mux_32 (U0/xst_blk_mem_generator/gnativebmg.native_blk_mem_gen/valid.cstr/has_mux_a.A/Mmux_dout_mux_32)
     MUXF7:I1->O           1   0.140   0.827  U0/xst_blk_mem_generator/gnativebmg.native_blk_mem_gen/valid.cstr/has_mux_a.A/Mmux_dout_mux_2_f7_1 (douta<11>)
     end scope: 'DAR/R:douta<11>'
     LUT6:I2->O            1   0.203   0.808  Cont/Mmux_PixelOnOff_3_SW0 (N14)
     LUT5:I2->O            1   0.205   0.000  Cont/Mmux_PixelOnOff_3 (Cont/Mmux_PixelOnOff_3)
     MUXF7:I1->O           1   0.140   0.000  Cont/Mmux_PixelOnOff_2_f7 (Cont/PixelOnOff)
     FDRE:D                    0.102          Cont/SignalGen/ColorOut_0
    ----------------------------------------
    Total                      6.420ns (1.643ns logic, 4.777ns route)
                                       (25.6% logic, 74.4% route)

=========================================================================
Timing constraint: Default OFFSET IN BEFORE for Clock 'extClk'
  Total number of paths / destination ports: 26 / 26
-------------------------------------------------------------------------
Offset:              3.458ns (Levels of Logic = 2)
  Source:            rst (PAD)
  Destination:       Cont/SignalGen/LineCount_0 (FF)
  Destination Clock: extClk rising

  Data Path: rst to Cont/SignalGen/LineCount_0
                                Gate     Net
    Cell:in->out      fanout   Delay   Delay  Logical Name (Net Name)
    ----------------------------------------  ------------
     IBUF:I->O             6   1.222   0.745  rst_IBUF (rst_IBUF)
     LUT5:I4->O           10   0.205   0.856  Cont/SignalGen/Mcount_PixelCount_val11 (Cont/SignalGen/Mcount_PixelCount_val)
     FDRE:R                    0.430          Cont/SignalGen/PixelCount_0
    ----------------------------------------
    Total                      3.458ns (1.857ns logic, 1.601ns route)
                                       (53.7% logic, 46.3% route)

=========================================================================
Timing constraint: Default OFFSET OUT AFTER for Clock 'extClk'
  Total number of paths / destination ports: 10 / 10
-------------------------------------------------------------------------
Offset:              3.820ns (Levels of Logic = 1)
  Source:            Cont/SignalGen/ColorOut_0 (FF)
  Destination:       ColorOut<7> (PAD)
  Source Clock:      extClk rising

  Data Path: Cont/SignalGen/ColorOut_0 to ColorOut<7>
                                Gate     Net
    Cell:in->out      fanout   Delay   Delay  Logical Name (Net Name)
    ----------------------------------------  ------------
     FDRE:C->Q             8   0.447   0.802  Cont/SignalGen/ColorOut_0 (Cont/SignalGen/ColorOut_0)
     OBUF:I->O                 2.571          ColorOut_7_OBUF (ColorOut<7>)
    ----------------------------------------
    Total                      3.820ns (3.018ns logic, 0.802ns route)
                                       (79.0% logic, 21.0% route)

=========================================================================

Cross Clock Domains Report:
--------------------------

Clock to Setup on destination clock extClk
---------------+---------+---------+---------+---------+
               | Src:Rise| Src:Fall| Src:Rise| Src:Fall|
Source Clock   |Dest:Rise|Dest:Rise|Dest:Fall|Dest:Fall|
---------------+---------+---------+---------+---------+
extClk         |    6.420|         |         |         |
---------------+---------+---------+---------+---------+

=========================================================================


Total REAL time to Xst completion: 9.00 secs
Total CPU time to Xst completion: 8.87 secs
 
--> 

Total memory usage is 298632 kilobytes

Number of errors   :    0 (   0 filtered)
Number of warnings :   28 (   0 filtered)
Number of infos    :    2 (   0 filtered)

