Release 14.7 - WebTalk (P.20131013)
Copyright (c) 1995-2010 Xilinx, Inc.  All rights reserved.

Project Information
--------------------
<<<<<<< HEAD
ProjectID=E4E860BA6193434894DF15A93874C14F
ProjectIteration=13
=======
ProjectID=C97DA53B182646009527E9F7A09BB6EE
ProjectIteration=21
>>>>>>> origin/master

WebTalk Summary
----------------
INFO:WebTalk:1 - WebTalk is enabled because you are using a WebPACK license.

INFO:WebTalk:8 - WebTalk Install setting is ON.
INFO:WebTalk:6 - WebTalk User setting is ON.

<<<<<<< HEAD
INFO:WebTalk:5 - C:/Users/imana/Documents/SCHOOL/ECE3710/VGA_w_Dispatch2/usage_statistics_webtalk.html WebTalk report has not been sent to Xilinx.  Please check your network and proxy settings.  For additional details about this file, please refer to the WebTalk help file at C:/Xilinx/14.7/ISE_DS/ISE/data/reports/webtalk_introduction.html
=======
INFO:WebTalk:5 - C:/Users/Adam Rosenberg/Documents/Assignment4_TextDisplay/usage_statistics_webtalk.html WebTalk report has not been sent to Xilinx.  Please check your network and proxy settings.  For additional details about this file, please refer to the WebTalk help file at C:/Xilinx/14.7/ISE_DS/ISE/data/reports/webtalk_introduction.html
>>>>>>> origin/master
