INFO:sim:172 - Generating IP...
Resolving generics for 'BRAM'...
Applying external generics to 'BRAM'...
Delivering associated files for 'BRAM'...
Delivering EJava files for 'BRAM'...
Generating implementation netlist for 'BRAM'...
INFO:sim - Pre-processing HDL files for 'BRAM'...
Running synthesis for 'BRAM'
Running ngcbuild...
Writing VEO instantiation template for 'BRAM'...
Writing Verilog behavioral simulation model for 'BRAM'...
WARNING:sim - Overwriting existing file
   C:/Users/imana/OneDrive/Documents/GitHub/Assignment4_TextDisplay/ipcore_dir/t
   mp/_cg/BRAM/doc/blk_mem_gen_v7_3_vinfo.html with file from view
   xilinx_documentation
Delivered 1 file into directory
C:/Users/imana/OneDrive/Documents/GitHub/Assignment4_TextDisplay/ipcore_dir/tmp/
_cg/BRAM
Generating ASY schematic symbol...
INFO:sim:949 - Finished generation of ASY schematic symbol.
Generating SYM schematic symbol for 'BRAM'...
Generating metadata file...
Generating ISE project file for 'BRAM'...
Generating ISE project...
XCO file found: BRAM.xco
XMDF file found: BRAM_xmdf.tcl
Adding
C:/Users/imana/OneDrive/Documents/GitHub/Assignment4_TextDisplay/ipcore_dir/tmp/
_cg/BRAM.asy -view all -origin_type imported
Adding
C:/Users/imana/OneDrive/Documents/GitHub/Assignment4_TextDisplay/ipcore_dir/tmp/
_cg/BRAM.ngc -view all -origin_type created
Checking file
"C:/Users/imana/OneDrive/Documents/GitHub/Assignment4_TextDisplay/ipcore_dir/tmp
/_cg/BRAM.ngc" for project device match ...
File
"C:/Users/imana/OneDrive/Documents/GitHub/Assignment4_TextDisplay/ipcore_dir/tmp
/_cg/BRAM.ngc" device information matches project device.
Adding
C:/Users/imana/OneDrive/Documents/GitHub/Assignment4_TextDisplay/ipcore_dir/tmp/
_cg/BRAM.sym -view all -origin_type imported
Adding
C:/Users/imana/OneDrive/Documents/GitHub/Assignment4_TextDisplay/ipcore_dir/tmp/
_cg/BRAM.v -view all -origin_type created
INFO:HDLCompiler:1845 - Analyzing Verilog file
   "C:/Users/imana/OneDrive/Documents/GitHub/Assignment4_TextDisplay/ipcore_dir/
   tmp/_cg/BRAM.v" into library work
INFO:ProjectMgmt - Parsing design hierarchy completed successfully.
Adding
C:/Users/imana/OneDrive/Documents/GitHub/Assignment4_TextDisplay/ipcore_dir/tmp/
_cg/BRAM.veo -view all -origin_type imported
INFO:TclTasksC:2116 - The automatic calculation of top has been turned-off.
   Please set the new top explicitly by running the "project set top" command.
   To re-calculate the new top automatically, set the "Auto Implementation Top"
   property to true.
Top level has been set to "/BRAM"
Generating README file...
Generating FLIST file...
INFO:sim:948 - Finished FLIST file generation.
Launching README viewer...
Moving files to output directory...
Finished moving files to output directory
Wrote CGP file for project 'BRAM'.
