#-----------------------------------------------------------
# PlanAhead v14.7 (64-bit)
# Build 321239 by xbuild on Fri Sep 27 19:29:51 MDT 2013
# Start of session at: Fri Sep 16 20:45:32 2016
# Process ID: 10868
# Log file: C:/Users/imana/Documents/SCHOOL/ECE3710/Assignment4_TextDisplay/planAhead_run_1/planAhead.log
# Journal file: C:/Users/imana/Documents/SCHOOL/ECE3710/Assignment4_TextDisplay/planAhead_run_1/planAhead.jou
#-----------------------------------------------------------
INFO: [Common 17-78] Attempting to get a license: PlanAhead
INFO: [Common 17-290] Got license for PlanAhead
INFO: [Device 21-36] Loading parts and site information from C:/Xilinx/14.7/ISE_DS/PlanAhead/data/parts/arch.xml
Parsing RTL primitives file [C:/Xilinx/14.7/ISE_DS/PlanAhead/data/parts/xilinx/rtl/prims/rtl_prims.xml]
Finished parsing RTL primitives file [C:/Xilinx/14.7/ISE_DS/PlanAhead/data/parts/xilinx/rtl/prims/rtl_prims.xml]
start_gui
source C:/Users/imana/Documents/SCHOOL/ECE3710/Assignment4_TextDisplay/pa.fromHdl.tcl
# create_project -name Assignment4_TextDisplay -dir "C:/Users/imana/Documents/SCHOOL/ECE3710/Assignment4_TextDisplay/planAhead_run_1" -part xc6slx16csg324-3
# set_param project.pinAheadLayout yes
# set srcset [get_property srcset [current_run -impl]]
# set_property target_constrs_file "TextDisplay_Top.ucf" [current_fileset -constrset]
Adding file 'C:/Users/imana/Documents/SCHOOL/ECE3710/Assignment4_TextDisplay/TextDisplay_Top.ucf' to fileset 'constrs_1'
# add_files [list {ipcore_dir/GlyphTable.ngc}]
# set hdlfile [add_files [list {ipcore_dir/GlyphTable.v}]]
# set_property file_type Verilog $hdlfile
# set_property library work $hdlfile
# set hdlfile [add_files [list {GlyphPixelExtractor.v}]]
# set_property file_type Verilog $hdlfile
# set_property library work $hdlfile
# set hdlfile [add_files [list {BitFromGlyphWord.v}]]
# set_property file_type Verilog $hdlfile
# set_property library work $hdlfile
# set hdlfile [add_files [list {ASCIItoGlyphWord.v}]]
# set_property file_type Verilog $hdlfile
# set_property library work $hdlfile
# set hdlfile [add_files [list {VGA_SignalGen.v}]]
# set_property file_type Verilog $hdlfile
# set_property library work $hdlfile
# set hdlfile [add_files [list {ASCIItoPixelOnOff.v}]]
# set_property file_type Verilog $hdlfile
# set_property library work $hdlfile
# set hdlfile [add_files [list {TextDisplay_Top.v}]]
# set_property file_type Verilog $hdlfile
# set_property library work $hdlfile
# set_property top TextDisplay_Top $srcset
# add_files [list {TextDisplay_Top.ucf}] -fileset [get_property constrset [current_run]]
# add_files [list {ipcore_dir/GlyphTable.ncf}] -fileset [get_property constrset [current_run]]
# add_files [list {ipcore_dir/TextAreaMemory.ncf}] -fileset [get_property constrset [current_run]]
# open_rtl_design -part xc6slx16csg324-3
Using Verific elaboration
Parsing VHDL file "C:/Xilinx/14.7/ISE_DS/PlanAhead/data/parts/xilinx/rtl/lib/synplify/synattr.vhd" into library synplify
Analyzing Verilog file "C:/Users/imana/Documents/SCHOOL/ECE3710/Assignment4_TextDisplay/ipcore_dir/GlyphTable.v" into library work
Analyzing Verilog file "C:/Users/imana/Documents/SCHOOL/ECE3710/Assignment4_TextDisplay/GlyphPixelExtractor.v" into library work
Analyzing Verilog file "C:/Users/imana/Documents/SCHOOL/ECE3710/Assignment4_TextDisplay/BitFromGlyphWord.v" into library work
Analyzing Verilog file "C:/Users/imana/Documents/SCHOOL/ECE3710/Assignment4_TextDisplay/ASCIItoGlyphWord.v" into library work
Analyzing Verilog file "C:/Users/imana/Documents/SCHOOL/ECE3710/Assignment4_TextDisplay/VGA_SignalGen.v" into library work
Analyzing Verilog file "C:/Users/imana/Documents/SCHOOL/ECE3710/Assignment4_TextDisplay/ASCIItoPixelOnOff.v" into library work
Analyzing Verilog file "C:/Users/imana/Documents/SCHOOL/ECE3710/Assignment4_TextDisplay/TextDisplay_Top.v" into library work
Release 14.7 - ngc2edif P.20131013 (nt64)
Copyright (c) 1995-2013 Xilinx, Inc.  All rights reserved.
Reading design GlyphTable.ngc ...
WARNING:NetListWriters:298 - No output is written to GlyphTable.xncf, ignored.
Processing design ...
   Preping design's networks ...
   Preping design's macros ...
  finished :Prep
Writing EDIF netlist file GlyphTable.edif ...
ngc2edif: Total memory usage is 88956 kilobytes

Reading core file 'C:/Users/imana/Documents/SCHOOL/ECE3710/Assignment4_TextDisplay/ipcore_dir/GlyphTable.ngc' for (cell view 'GlyphTable', library 'work', file 'GlyphTable.v')
Parsing EDIF File [./.Xil/PlanAhead-10868-LAPTOP-CVFKU9UR/ngc2edif/GlyphTable.edif]
Finished Parsing EDIF File [./.Xil/PlanAhead-10868-LAPTOP-CVFKU9UR/ngc2edif/GlyphTable.edif]
Loading clock regions from C:/Xilinx/14.7/ISE_DS/PlanAhead/data\parts/xilinx/spartan6/spartan6lx/xc6slx16/ClockRegion.xml
Loading clock buffers from C:/Xilinx/14.7/ISE_DS/PlanAhead/data\parts/xilinx/spartan6/spartan6lx/xc6slx16/ClockBuffers.xml
Loading package pin functions from C:/Xilinx/14.7/ISE_DS/PlanAhead/data\parts/xilinx/spartan6/PinFunctions.xml...
Loading package from C:/Xilinx/14.7/ISE_DS/PlanAhead/data\parts/xilinx/spartan6/spartan6lx/xc6slx16/csg324/Package.xml
Loading io standards from C:/Xilinx/14.7/ISE_DS/PlanAhead/data\./parts/xilinx/spartan6/IOStandards.xml
Loading device configuration modes from C:/Xilinx/14.7/ISE_DS/PlanAhead/data\parts/xilinx/spartan6/ConfigModes.xml
Loading list of drcs for the architecture : C:/Xilinx/14.7/ISE_DS/PlanAhead/data\./parts/xilinx/spartan6/drc.xml
Parsing UCF File [C:/Users/imana/Documents/SCHOOL/ECE3710/Assignment4_TextDisplay/TextDisplay_Top.ucf]
Finished Parsing UCF File [C:/Users/imana/Documents/SCHOOL/ECE3710/Assignment4_TextDisplay/TextDisplay_Top.ucf]
INFO: [Project 1-111] Unisim Transformation Summary:
No Unisim elements were transformed.

Phase 0 | Netlist Checksum: 210d18e0
open_rtl_design: Time (s): elapsed = 00:00:10 . Memory (MB): peak = 608.289 ; gain = 180.809
update_compile_order -fileset sim_1
startgroup
set_property package_pin B8 [get_ports clk]
endgroup
save_constraints
exit
ERROR: [PlanAhead 12-106] *** Exception: ui.h.b: Found deleted key in HTclEventBroker. Verify if the classes listed here call cleanup()
HTclEvent: SIGNAL_BUS_MODIFY   Classes: ui.views.aR 
HTclEvent: SIGNAL_MODIFY   Classes: ui.views.aR 
HTclEvent: DEBUG_PORT_CONFIG_CHANGE   Classes: ui.views.aR 
HTclEvent: DEBUG_CORE_CONFIG_CHANGE   Classes: ui.views.aR 
 (See C:/Users/imana/Documents/SCHOOL/ECE3710/Assignment4_TextDisplay\planAhead_pid10868.debug)
ERROR: [Common 17-39] 'stop_gui' failed due to earlier errors.
INFO: [Common 17-206] Exiting PlanAhead at Fri Sep 16 20:46:17 2016...
INFO: [Common 17-83] Releasing license: PlanAhead
