Command line:
   EncCounter_isim_beh.exe
     -simmode  gui
     -simrunnum  0
     -socket  63501

Thu Nov 17 13:01:57 2016


 Elaboration Time: 0.078125 sec

 Current Memory Usage: 841.552 Meg

 Total Signals          : 15
 Total Nets             : 32
 Total Signal Drivers   : 6
 Total Blocks           : 2
 Total Primitive Blocks : 2
 Total Processes        : 9
 Total Traceable Variables  : 21
 Total Scalar Nets and Variables : 192
Total Line Count : 25

 Total Simulation Time: 0.09375 sec

 Current Memory Usage: 841.552 Meg

Thu Nov 17 13:37:59 2016

