
****** PlanAhead v14.7 (64-bit)
  **** Build 321239 by xbuild on Fri Sep 27 19:29:51 MDT 2013
    ** Copyright 1986-1999, 2001-2013 Xilinx, Inc. All Rights Reserved.

INFO: [Common 17-78] Attempting to get a license: PlanAhead
INFO: [Common 17-290] Got license for PlanAhead
INFO: [Device 21-36] Loading parts and site information from C:/Xilinx/14.7/ISE_DS/PlanAhead/data/parts/arch.xml
Parsing RTL primitives file [C:/Xilinx/14.7/ISE_DS/PlanAhead/data/parts/xilinx/rtl/prims/rtl_prims.xml]
Finished parsing RTL primitives file [C:/Xilinx/14.7/ISE_DS/PlanAhead/data/parts/xilinx/rtl/prims/rtl_prims.xml]
start_gui
source C:/Users/imana/Documents/SCHOOL/ECE3710/VGA_w_Dispatch2/pa.fromHdl.tcl
# create_project -name VGA_w_Dispatch2 -dir "C:/Users/imana/Documents/SCHOOL/ECE3710/VGA_w_Dispatch2/planAhead_run_2" -part xc6slx16csg324-3
# set_param project.pinAheadLayout yes
# set srcset [get_property srcset [current_run -impl]]
# set_property target_constrs_file "Top.ucf" [current_fileset -constrset]
Adding file 'C:/Users/imana/Documents/SCHOOL/ECE3710/VGA_w_Dispatch2/Top.ucf' to fileset 'constrs_1'
# add_files [list {ipcore_dir/ram.ngc}]
# set hdlfile [add_files [list {VGA_SignalGen.v}]]
# set_property file_type Verilog $hdlfile
# set_property library work $hdlfile
# set hdlfile [add_files [list {VGA_Dispatch.v}]]
# set_property file_type Verilog $hdlfile
# set_property library work $hdlfile
# set hdlfile [add_files [list {ipcore_dir/ram.v}]]
# set_property file_type Verilog $hdlfile
# set_property library work $hdlfile
# set hdlfile [add_files [list {VGA_Controller.v}]]
# set_property file_type Verilog $hdlfile
# set_property library work $hdlfile
# set hdlfile [add_files [list {DispatchAndRam.v}]]
# set_property file_type Verilog $hdlfile
# set_property library work $hdlfile
# set hdlfile [add_files [list {Top.v}]]
# set_property file_type Verilog $hdlfile
# set_property library work $hdlfile
# set_property top Top $srcset
# add_files [list {Top.ucf}] -fileset [get_property constrset [current_run]]
# open_rtl_design -part xc6slx16csg324-3
Using Verific elaboration
Parsing VHDL file "C:/Xilinx/14.7/ISE_DS/PlanAhead/data/parts/xilinx/rtl/lib/synplify/synattr.vhd" into library synplify
Analyzing Verilog file "C:/Users/imana/Documents/SCHOOL/ECE3710/VGA_w_Dispatch2/VGA_SignalGen.v" into library work
Analyzing Verilog file "C:/Users/imana/Documents/SCHOOL/ECE3710/VGA_w_Dispatch2/VGA_Dispatch.v" into library work
Analyzing Verilog file "C:/Users/imana/Documents/SCHOOL/ECE3710/VGA_w_Dispatch2/ipcore_dir/ram.v" into library work
Analyzing Verilog file "C:/Users/imana/Documents/SCHOOL/ECE3710/VGA_w_Dispatch2/VGA_Controller.v" into library work
Analyzing Verilog file "C:/Users/imana/Documents/SCHOOL/ECE3710/VGA_w_Dispatch2/DispatchAndRam.v" into library work
Analyzing Verilog file "C:/Users/imana/Documents/SCHOOL/ECE3710/VGA_w_Dispatch2/Top.v" into library work
Release 14.7 - ngc2edif P.20131013 (nt64)
Copyright (c) 1995-2013 Xilinx, Inc.  All rights reserved.
Reading design ram.ngc ...
WARNING:NetListWriters:298 - No output is written to ram.xncf, ignored.
Processing design ...
   Preping design's networks ...
   Preping design's macros ...
  finished :Prep
Writing EDIF netlist file ram.edif ...
ngc2edif: Total memory usage is 84432 kilobytes

Reading core file 'C:/Users/imana/Documents/SCHOOL/ECE3710/VGA_w_Dispatch2/ipcore_dir/ram.ngc' for (cell view 'ram', library 'work', file 'ram.v')
Parsing EDIF File [./.Xil/PlanAhead-11284-LAPTOP-CVFKU9UR/ngc2edif/ram.edif]
Finished Parsing EDIF File [./.Xil/PlanAhead-11284-LAPTOP-CVFKU9UR/ngc2edif/ram.edif]
Loading clock regions from C:/Xilinx/14.7/ISE_DS/PlanAhead/data\parts/xilinx/spartan6/spartan6lx/xc6slx16/ClockRegion.xml
Loading clock buffers from C:/Xilinx/14.7/ISE_DS/PlanAhead/data\parts/xilinx/spartan6/spartan6lx/xc6slx16/ClockBuffers.xml
Loading package pin functions from C:/Xilinx/14.7/ISE_DS/PlanAhead/data\parts/xilinx/spartan6/PinFunctions.xml...
Loading package from C:/Xilinx/14.7/ISE_DS/PlanAhead/data\parts/xilinx/spartan6/spartan6lx/xc6slx16/csg324/Package.xml
Loading io standards from C:/Xilinx/14.7/ISE_DS/PlanAhead/data\./parts/xilinx/spartan6/IOStandards.xml
Loading device configuration modes from C:/Xilinx/14.7/ISE_DS/PlanAhead/data\parts/xilinx/spartan6/ConfigModes.xml
Loading list of drcs for the architecture : C:/Xilinx/14.7/ISE_DS/PlanAhead/data\./parts/xilinx/spartan6/drc.xml
Parsing UCF File [C:/Users/imana/Documents/SCHOOL/ECE3710/VGA_w_Dispatch2/Top.ucf]
Finished Parsing UCF File [C:/Users/imana/Documents/SCHOOL/ECE3710/VGA_w_Dispatch2/Top.ucf]
INFO: [Project 1-111] Unisim Transformation Summary:
No Unisim elements were transformed.

Phase 0 | Netlist Checksum: 55deabbb
open_rtl_design: Time (s): elapsed = 00:00:09 . Memory (MB): peak = 607.234 ; gain = 222.707
update_compile_order -fileset sim_1
startgroup
set_property package_pin V10 [get_ports extClk]
endgroup
save_constraints
exit
ERROR: [Common 17-39] 'stop_gui' failed due to earlier errors.
INFO: [Common 17-206] Exiting PlanAhead at Fri Oct 14 20:51:51 2016...
INFO: [Common 17-83] Releasing license: PlanAhead
